<?xml version="1.0" encoding="UTF-8"?>
<!-- Generated by org.testng.reporters.JUnitReportReporter -->
<testsuite hostname="LAPTOP-CE4M580C" name="test.LoginTest" tests="2" failures="0" timestamp="10 Apr 2022 12:50:45 GMT" time="5.748" errors="0">
  <testcase name="verifyLogo" time="0.124" classname="test.LoginTest"/>
  <testcase name="login" time="5.624" classname="test.LoginTest"/>
</testsuite> <!-- test.LoginTest -->
